... 

... WARNING: apt does not have a stable CLI interface. Use with caution in scripts.

... 

... 

... WARNING: apt does not have a stable CLI interface. Use with caution in scripts.

... 

... 

... WARNING: apt does not have a stable CLI interface. Use with caution in scripts.

... 

... 

... WARNING: apt does not have a stable CLI interface. Use with caution in scripts.

... 

... 

... WARNING: apt does not have a stable CLI interface. Use with caution in scripts.

... 

... E: Version '3.6' for 'python3' was not found

... bash: /home/gnom/.env/bin/activate: No such file or directory

...   Could not find a version that satisfies the requirement django==2.11 (from versions: 1.1.3, 1.1.4, 1.2, 1.2.1, 1.2.2, 1.2.3, 1.2.4, 1.2.5, 1.2.6, 1.2.7, 1.3, 1.3.1, 1.3.2, 1.3.3, 1.3.4, 1.3.5, 1.3.6, 1.3.7, 1.4, 1.4.1, 1.4.2, 1.4.3, 1.4.4, 1.4.5, 1.4.6, 1.4.7, 1.4.8, 1.4.9, 1.4.10, 1.4.11, 1.4.12, 1.4.13, 1.4.14, 1.4.15, 1.4.16, 1.4.17, 1.4.18, 1.4.19, 1.4.20, 1.4.21, 1.4.22, 1.5, 1.5.1, 1.5.2, 1.5.3, 1.5.4, 1.5.5, 1.5.6, 1.5.7, 1.5.8, 1.5.9, 1.5.10, 1.5.11, 1.5.12, 1.6, 1.6.1, 1.6.2, 1.6.3, 1.6.4, 1.6.5, 1.6.6, 1.6.7, 1.6.8, 1.6.9, 1.6.10, 1.6.11, 1.7, 1.7.1, 1.7.2, 1.7.3, 1.7.4, 1.7.5, 1.7.6, 1.7.7, 1.7.8, 1.7.9, 1.7.10, 1.7.11, 1.8a1, 1.8b1, 1.8b2, 1.8rc1, 1.8, 1.8.1, 1.8.2, 1.8.3, 1.8.4, 1.8.5, 1.8.6, 1.8.7, 1.8.8, 1.8.9, 1.8.10, 1.8.11, 1.8.12, 1.8.13, 1.8.14, 1.8.15, 1.8.16, 1.8.17, 1.8.18, 1.8.19, 1.9a1, 1.9b1, 1.9rc1, 1.9rc2, 1.9, 1.9.1, 1.9.2, 1.9.3, 1.9.4, 1.9.5, 1.9.6, 1.9.7, 1.9.8, 1.9.9, 1.9.10, 1.9.11, 1.9.12, 1.9.13, 1.10a1, 1.10b1, 1.10rc1, 1.10, 1.10.1, 1.10.2, 1.10.3, 1.10.4, 1.10.5, 1.10.6, 1.10.7, 1.10.8, 1.11a1, 1.11b1, 1.11rc1, 1.11, 1.11.1, 1.11.2, 1.11.3, 1.11.4, 1.11.5, 1.11.6, 1.11.7, 1.11.8, 1.11.9, 1.11.10, 1.11.11, 1.11.12, 1.11.13, 1.11.14, 1.11.15, 1.11.16, 1.11.17, 1.11.18, 1.11.20, 2.0a1, 2.0b1, 2.0rc1, 2.0, 2.0.1, 2.0.2, 2.0.3, 2.0.4, 2.0.5, 2.0.6, 2.0.7, 2.0.8, 2.0.9, 2.0.10, 2.0.12, 2.0.13, 2.1a1, 2.1b1, 2.1rc1, 2.1, 2.1.1, 2.1.2, 2.1.3, 2.1.4, 2.1.5, 2.1.7, 2.2a1, 2.2b1)

... No matching distribution found for django==2.11

... 

... WARNING: apt does not have a stable CLI interface. Use with caution in scripts.

... 

... 

... WARNING: apt does not have a stable CLI interface. Use with caution in scripts.

... 

... 

... WARNING: apt does not have a stable CLI interface. Use with caution in scripts.

... 

... fatal: destination path '/home/gnom' already exists and is not an empty directory.

... 

... WARNING: apt does not have a stable CLI interface. Use with caution in scripts.

... 

... 

... WARNING: apt does not have a stable CLI interface. Use with caution in scripts.

... 

... 

... WARNING: apt does not have a stable CLI interface. Use with caution in scripts.

... 

... 

... WARNING: apt does not have a stable CLI interface. Use with caution in scripts.

... 

... 

... WARNING: apt does not have a stable CLI interface. Use with caution in scripts.

... 

... E: Version '3.6' for 'python3' was not found

... bash: /home/gnom/.env/bin/activate: No such file or directory

...   Could not find a version that satisfies the requirement django==2.11 (from versions: 1.1.3, 1.1.4, 1.2, 1.2.1, 1.2.2, 1.2.3, 1.2.4, 1.2.5, 1.2.6, 1.2.7, 1.3, 1.3.1, 1.3.2, 1.3.3, 1.3.4, 1.3.5, 1.3.6, 1.3.7, 1.4, 1.4.1, 1.4.2, 1.4.3, 1.4.4, 1.4.5, 1.4.6, 1.4.7, 1.4.8, 1.4.9, 1.4.10, 1.4.11, 1.4.12, 1.4.13, 1.4.14, 1.4.15, 1.4.16, 1.4.17, 1.4.18, 1.4.19, 1.4.20, 1.4.21, 1.4.22, 1.5, 1.5.1, 1.5.2, 1.5.3, 1.5.4, 1.5.5, 1.5.6, 1.5.7, 1.5.8, 1.5.9, 1.5.10, 1.5.11, 1.5.12, 1.6, 1.6.1, 1.6.2, 1.6.3, 1.6.4, 1.6.5, 1.6.6, 1.6.7, 1.6.8, 1.6.9, 1.6.10, 1.6.11, 1.7, 1.7.1, 1.7.2, 1.7.3, 1.7.4, 1.7.5, 1.7.6, 1.7.7, 1.7.8, 1.7.9, 1.7.10, 1.7.11, 1.8a1, 1.8b1, 1.8b2, 1.8rc1, 1.8, 1.8.1, 1.8.2, 1.8.3, 1.8.4, 1.8.5, 1.8.6, 1.8.7, 1.8.8, 1.8.9, 1.8.10, 1.8.11, 1.8.12, 1.8.13, 1.8.14, 1.8.15, 1.8.16, 1.8.17, 1.8.18, 1.8.19, 1.9a1, 1.9b1, 1.9rc1, 1.9rc2, 1.9, 1.9.1, 1.9.2, 1.9.3, 1.9.4, 1.9.5, 1.9.6, 1.9.7, 1.9.8, 1.9.9, 1.9.10, 1.9.11, 1.9.12, 1.9.13, 1.10a1, 1.10b1, 1.10rc1, 1.10, 1.10.1, 1.10.2, 1.10.3, 1.10.4, 1.10.5, 1.10.6, 1.10.7, 1.10.8, 1.11a1, 1.11b1, 1.11rc1, 1.11, 1.11.1, 1.11.2, 1.11.3, 1.11.4, 1.11.5, 1.11.6, 1.11.7, 1.11.8, 1.11.9, 1.11.10, 1.11.11, 1.11.12, 1.11.13, 1.11.14, 1.11.15, 1.11.16, 1.11.17, 1.11.18, 1.11.20, 2.0a1, 2.0b1, 2.0rc1, 2.0, 2.0.1, 2.0.2, 2.0.3, 2.0.4, 2.0.5, 2.0.6, 2.0.7, 2.0.8, 2.0.9, 2.0.10, 2.0.12, 2.0.13, 2.1a1, 2.1b1, 2.1rc1, 2.1, 2.1.1, 2.1.2, 2.1.3, 2.1.4, 2.1.5, 2.1.7, 2.2a1, 2.2b1)

... No matching distribution found for django==2.11

... 

... WARNING: apt does not have a stable CLI interface. Use with caution in scripts.

... 

... 

... WARNING: apt does not have a stable CLI interface. Use with caution in scripts.

... 

... 

... WARNING: apt does not have a stable CLI interface. Use with caution in scripts.

... 

... fatal: destination path '/home/gnom' already exists and is not an empty directory.

... 

... WARNING: apt does not have a stable CLI interface. Use with caution in scripts.

... 

... 

... WARNING: apt does not have a stable CLI interface. Use with caution in scripts.

... 

... 

... WARNING: apt does not have a stable CLI interface. Use with caution in scripts.

... 

... 

... WARNING: apt does not have a stable CLI interface. Use with caution in scripts.

... 

... 

... WARNING: apt does not have a stable CLI interface. Use with caution in scripts.

... 

... E: Version '3.6' for 'python3' was not found

... bash: /home/gnom/.env/bin/activate: No such file or directory

...   Could not find a version that satisfies the requirement django==2.11 (from versions: 1.1.3, 1.1.4, 1.2, 1.2.1, 1.2.2, 1.2.3, 1.2.4, 1.2.5, 1.2.6, 1.2.7, 1.3, 1.3.1, 1.3.2, 1.3.3, 1.3.4, 1.3.5, 1.3.6, 1.3.7, 1.4, 1.4.1, 1.4.2, 1.4.3, 1.4.4, 1.4.5, 1.4.6, 1.4.7, 1.4.8, 1.4.9, 1.4.10, 1.4.11, 1.4.12, 1.4.13, 1.4.14, 1.4.15, 1.4.16, 1.4.17, 1.4.18, 1.4.19, 1.4.20, 1.4.21, 1.4.22, 1.5, 1.5.1, 1.5.2, 1.5.3, 1.5.4, 1.5.5, 1.5.6, 1.5.7, 1.5.8, 1.5.9, 1.5.10, 1.5.11, 1.5.12, 1.6, 1.6.1, 1.6.2, 1.6.3, 1.6.4, 1.6.5, 1.6.6, 1.6.7, 1.6.8, 1.6.9, 1.6.10, 1.6.11, 1.7, 1.7.1, 1.7.2, 1.7.3, 1.7.4, 1.7.5, 1.7.6, 1.7.7, 1.7.8, 1.7.9, 1.7.10, 1.7.11, 1.8a1, 1.8b1, 1.8b2, 1.8rc1, 1.8, 1.8.1, 1.8.2, 1.8.3, 1.8.4, 1.8.5, 1.8.6, 1.8.7, 1.8.8, 1.8.9, 1.8.10, 1.8.11, 1.8.12, 1.8.13, 1.8.14, 1.8.15, 1.8.16, 1.8.17, 1.8.18, 1.8.19, 1.9a1, 1.9b1, 1.9rc1, 1.9rc2, 1.9, 1.9.1, 1.9.2, 1.9.3, 1.9.4, 1.9.5, 1.9.6, 1.9.7, 1.9.8, 1.9.9, 1.9.10, 1.9.11, 1.9.12, 1.9.13, 1.10a1, 1.10b1, 1.10rc1, 1.10, 1.10.1, 1.10.2, 1.10.3, 1.10.4, 1.10.5, 1.10.6, 1.10.7, 1.10.8, 1.11a1, 1.11b1, 1.11rc1, 1.11, 1.11.1, 1.11.2, 1.11.3, 1.11.4, 1.11.5, 1.11.6, 1.11.7, 1.11.8, 1.11.9, 1.11.10, 1.11.11, 1.11.12, 1.11.13, 1.11.14, 1.11.15, 1.11.16, 1.11.17, 1.11.18, 1.11.20, 2.0a1, 2.0b1, 2.0rc1, 2.0, 2.0.1, 2.0.2, 2.0.3, 2.0.4, 2.0.5, 2.0.6, 2.0.7, 2.0.8, 2.0.9, 2.0.10, 2.0.12, 2.0.13, 2.1a1, 2.1b1, 2.1rc1, 2.1, 2.1.1, 2.1.2, 2.1.3, 2.1.4, 2.1.5, 2.1.7, 2.2a1, 2.2b1)

... No matching distribution found for django==2.11

... 

... WARNING: apt does not have a stable CLI interface. Use with caution in scripts.

... 

... 

... WARNING: apt does not have a stable CLI interface. Use with caution in scripts.

... 

... 

... WARNING: apt does not have a stable CLI interface. Use with caution in scripts.

... 

... Cloning into '/home/gnom/opjs'...

... 

... WARNING: apt does not have a stable CLI interface. Use with caution in scripts.

... 

... 

... WARNING: apt does not have a stable CLI interface. Use with caution in scripts.

... 

... 

... WARNING: apt does not have a stable CLI interface. Use with caution in scripts.

... 

... 

... WARNING: apt does not have a stable CLI interface. Use with caution in scripts.

... 

... 

... WARNING: apt does not have a stable CLI interface. Use with caution in scripts.

... 

... E: Version '3.6' for 'python3' was not found

... bash: /home/gnom/.env/bin/activate: No such file or directory

...   Could not find a version that satisfies the requirement django==2.11 (from versions: 1.1.3, 1.1.4, 1.2, 1.2.1, 1.2.2, 1.2.3, 1.2.4, 1.2.5, 1.2.6, 1.2.7, 1.3, 1.3.1, 1.3.2, 1.3.3, 1.3.4, 1.3.5, 1.3.6, 1.3.7, 1.4, 1.4.1, 1.4.2, 1.4.3, 1.4.4, 1.4.5, 1.4.6, 1.4.7, 1.4.8, 1.4.9, 1.4.10, 1.4.11, 1.4.12, 1.4.13, 1.4.14, 1.4.15, 1.4.16, 1.4.17, 1.4.18, 1.4.19, 1.4.20, 1.4.21, 1.4.22, 1.5, 1.5.1, 1.5.2, 1.5.3, 1.5.4, 1.5.5, 1.5.6, 1.5.7, 1.5.8, 1.5.9, 1.5.10, 1.5.11, 1.5.12, 1.6, 1.6.1, 1.6.2, 1.6.3, 1.6.4, 1.6.5, 1.6.6, 1.6.7, 1.6.8, 1.6.9, 1.6.10, 1.6.11, 1.7, 1.7.1, 1.7.2, 1.7.3, 1.7.4, 1.7.5, 1.7.6, 1.7.7, 1.7.8, 1.7.9, 1.7.10, 1.7.11, 1.8a1, 1.8b1, 1.8b2, 1.8rc1, 1.8, 1.8.1, 1.8.2, 1.8.3, 1.8.4, 1.8.5, 1.8.6, 1.8.7, 1.8.8, 1.8.9, 1.8.10, 1.8.11, 1.8.12, 1.8.13, 1.8.14, 1.8.15, 1.8.16, 1.8.17, 1.8.18, 1.8.19, 1.9a1, 1.9b1, 1.9rc1, 1.9rc2, 1.9, 1.9.1, 1.9.2, 1.9.3, 1.9.4, 1.9.5, 1.9.6, 1.9.7, 1.9.8, 1.9.9, 1.9.10, 1.9.11, 1.9.12, 1.9.13, 1.10a1, 1.10b1, 1.10rc1, 1.10, 1.10.1, 1.10.2, 1.10.3, 1.10.4, 1.10.5, 1.10.6, 1.10.7, 1.10.8, 1.11a1, 1.11b1, 1.11rc1, 1.11, 1.11.1, 1.11.2, 1.11.3, 1.11.4, 1.11.5, 1.11.6, 1.11.7, 1.11.8, 1.11.9, 1.11.10, 1.11.11, 1.11.12, 1.11.13, 1.11.14, 1.11.15, 1.11.16, 1.11.17, 1.11.18, 1.11.20, 2.0a1, 2.0b1, 2.0rc1, 2.0, 2.0.1, 2.0.2, 2.0.3, 2.0.4, 2.0.5, 2.0.6, 2.0.7, 2.0.8, 2.0.9, 2.0.10, 2.0.12, 2.0.13, 2.1a1, 2.1b1, 2.1rc1, 2.1, 2.1.1, 2.1.2, 2.1.3, 2.1.4, 2.1.5, 2.1.7, 2.2a1, 2.2b1)

... No matching distribution found for django==2.11

... Cloning into '/home/gnom/proplast'...

... Checking out files:  92% (1215/1317)   Checking out files:  93% (1225/1317)   Checking out files:  94% (1238/1317)   Checking out files:  95% (1252/1317)   Checking out files:  96% (1265/1317)   Checking out files:  97% (1278/1317)   Checking out files:  98% (1291/1317)   Checking out files:  99% (1304/1317)   Checking out files:  99% (1313/1317)   Checking out files: 100% (1317/1317)   Checking out files: 100% (1317/1317), done.

... bash: pip: command not found

... 

... WARNING: apt does not have a stable CLI interface. Use with caution in scripts.

... 

... 

... WARNING: apt does not have a stable CLI interface. Use with caution in scripts.

... 

... 

... WARNING: apt does not have a stable CLI interface. Use with caution in scripts.

... 

... fatal: destination path '/home/gnom/opjs' already exists and is not an empty directory.

... 

... WARNING: apt does not have a stable CLI interface. Use with caution in scripts.

... 

... 

... WARNING: apt does not have a stable CLI interface. Use with caution in scripts.

... 

... 

... WARNING: apt does not have a stable CLI interface. Use with caution in scripts.

... 

... 

... WARNING: apt does not have a stable CLI interface. Use with caution in scripts.

... 

... 

... WARNING: apt does not have a stable CLI interface. Use with caution in scripts.

... 

... E: Version '3.6' for 'python2' was not found

... /usr/bin/python2: No module named venv

... bash: /home/gnom/.env2/bin/activate: No such file or directory

... fatal: destination path '/home/gnom/proplast' already exists and is not an empty directory.

... bash: pip: command not found

... 

... WARNING: apt does not have a stable CLI interface. Use with caution in scripts.

... 

... 

... WARNING: apt does not have a stable CLI interface. Use with caution in scripts.

... 

... 

... WARNING: apt does not have a stable CLI interface. Use with caution in scripts.

... 

... fatal: destination path '/home/gnom/opjs' already exists and is not an empty directory.

... 

... WARNING: apt does not have a stable CLI interface. Use with caution in scripts.

... 

... 

... WARNING: apt does not have a stable CLI interface. Use with caution in scripts.

... 

... 

... WARNING: apt does not have a stable CLI interface. Use with caution in scripts.

... 

... 

... WARNING: apt does not have a stable CLI interface. Use with caution in scripts.

... 

... 

... WARNING: apt does not have a stable CLI interface. Use with caution in scripts.

... 

... E: Version '3.6' for 'python2' was not found

... /usr/bin/python2: No module named venv

... bash: /home/gnom//home/gnom/.env2/bin/activate: No such file or directory

... fatal: destination path '/home/gnom/proplast' already exists and is not an empty directory.

... bash: pip: command not found

... 

... WARNING: apt does not have a stable CLI interface. Use with caution in scripts.

... 

... 

... WARNING: apt does not have a stable CLI interface. Use with caution in scripts.

... 

... 

... WARNING: apt does not have a stable CLI interface. Use with caution in scripts.

... 

... fatal: destination path '/home/gnom/opjs' already exists and is not an empty directory.

... 

... WARNING: apt does not have a stable CLI interface. Use with caution in scripts.

... 

... 

... WARNING: apt does not have a stable CLI interface. Use with caution in scripts.

... 

... 

... WARNING: apt does not have a stable CLI interface. Use with caution in scripts.

... 

... 

... WARNING: apt does not have a stable CLI interface. Use with caution in scripts.

... 

... 

... WARNING: apt does not have a stable CLI interface. Use with caution in scripts.

... 

... E: Version '3.6' for 'python2' was not found

... /usr/bin/python2: No module named venv

... bash: /home/gnom/.env2/bin/activate: No such file or directory

... fatal: destination path '/home/gnom/proplast' already exists and is not an empty directory.

... bash: pip: command not found

... 

... WARNING: apt does not have a stable CLI interface. Use with caution in scripts.

... 

... 

... WARNING: apt does not have a stable CLI interface. Use with caution in scripts.

... 

... 

... WARNING: apt does not have a stable CLI interface. Use with caution in scripts.

... 

... fatal: destination path '/home/gnom/opjs' already exists and is not an empty directory.

... 

... WARNING: apt does not have a stable CLI interface. Use with caution in scripts.

... 

... 

... WARNING: apt does not have a stable CLI interface. Use with caution in scripts.

... 

... 

... WARNING: apt does not have a stable CLI interface. Use with caution in scripts.

... 

... 

... WARNING: apt does not have a stable CLI interface. Use with caution in scripts.

... 

... 

... WARNING: apt does not have a stable CLI interface. Use with caution in scripts.

... 

... /usr/bin/python2: No module named venv

... bash: /home/gnom/.env2/bin/activate: No such file or directory

... fatal: destination path '/home/gnom/proplast' already exists and is not an empty directory.

... bash: pip: command not found

... 

... WARNING: apt does not have a stable CLI interface. Use with caution in scripts.

... 

... 

... WARNING: apt does not have a stable CLI interface. Use with caution in scripts.

... 

... 

... WARNING: apt does not have a stable CLI interface. Use with caution in scripts.

... 

... fatal: destination path '/home/gnom/opjs' already exists and is not an empty directory.

... 

... WARNING: apt does not have a stable CLI interface. Use with caution in scripts.

... 

... 

... WARNING: apt does not have a stable CLI interface. Use with caution in scripts.

... 

... 

... WARNING: apt does not have a stable CLI interface. Use with caution in scripts.

... 

... 

... WARNING: apt does not have a stable CLI interface. Use with caution in scripts.

... 

... 

... WARNING: apt does not have a stable CLI interface. Use with caution in scripts.

... 

... E: Unable to locate package python2-venv

... 

... WARNING: apt does not have a stable CLI interface. Use with caution in scripts.

... 

... /usr/bin/python2: No module named venv

... bash: /home/gnom/.env2/bin/activate: No such file or directory

... fatal: destination path '/home/gnom/proplast' already exists and is not an empty directory.

... bash: pip: command not found

... 

... WARNING: apt does not have a stable CLI interface. Use with caution in scripts.

... 

... 

... WARNING: apt does not have a stable CLI interface. Use with caution in scripts.

... 

... 

... WARNING: apt does not have a stable CLI interface. Use with caution in scripts.

... 

... fatal: destination path '/home/gnom/opjs' already exists and is not an empty directory.

... 

... WARNING: apt does not have a stable CLI interface. Use with caution in scripts.

... 

... 

... WARNING: apt does not have a stable CLI interface. Use with caution in scripts.

... 

... 

... WARNING: apt does not have a stable CLI interface. Use with caution in scripts.

... 

... 

... WARNING: apt does not have a stable CLI interface. Use with caution in scripts.

... 

... 

... WARNING: apt does not have a stable CLI interface. Use with caution in scripts.

... 

... /usr/bin/python2: No module named venv

... bash: /home/gnom/.env2/bin/activate: No such file or directory

... fatal: destination path '/home/gnom/proplast' already exists and is not an empty directory.

... bash: pip: command not found

... 

... WARNING: apt does not have a stable CLI interface. Use with caution in scripts.

... 

... 

... WARNING: apt does not have a stable CLI interface. Use with caution in scripts.

... 

... 

... WARNING: apt does not have a stable CLI interface. Use with caution in scripts.

... 

... fatal: destination path '/home/gnom/opjs' already exists and is not an empty directory.

... 

... WARNING: apt does not have a stable CLI interface. Use with caution in scripts.

... 

... 

... WARNING: apt does not have a stable CLI interface. Use with caution in scripts.

... 

... 

... WARNING: apt does not have a stable CLI interface. Use with caution in scripts.

... 

... 

... WARNING: apt does not have a stable CLI interface. Use with caution in scripts.

... 

... 

... WARNING: apt does not have a stable CLI interface. Use with caution in scripts.

... 

... E: Unable to locate package python2-pip

... 

... WARNING: apt does not have a stable CLI interface. Use with caution in scripts.

... 

... /usr/bin/python2: No module named venv

... bash: /home/gnom/.env2/bin/activate: No such file or directory

... fatal: destination path '/home/gnom/proplast' already exists and is not an empty directory.

... bash: pip: command not found

... 

... WARNING: apt does not have a stable CLI interface. Use with caution in scripts.

... 

... 

... WARNING: apt does not have a stable CLI interface. Use with caution in scripts.

... 

... 

... WARNING: apt does not have a stable CLI interface. Use with caution in scripts.

... 

... fatal: destination path '/home/gnom/opjs' already exists and is not an empty directory.

... 

... WARNING: apt does not have a stable CLI interface. Use with caution in scripts.

... 

... 

... WARNING: apt does not have a stable CLI interface. Use with caution in scripts.

... 

... 

... WARNING: apt does not have a stable CLI interface. Use with caution in scripts.

... 

... 

... WARNING: apt does not have a stable CLI interface. Use with caution in scripts.

... 

... 

... WARNING: apt does not have a stable CLI interface. Use with caution in scripts.

... 

... debconf: unable to initialize frontend: Dialog

... debconf: (TERM is not set, so the dialog frontend is not usable.)

... debconf: falling back to frontend: Readline

... debconf: unable to initialize frontend: Readline

... debconf: (This frontend requires a controlling tty.)

... debconf: falling back to frontend: Teletype

... dpkg-preconfigure: unable to re-open stdin: 

... 

... WARNING: apt does not have a stable CLI interface. Use with caution in scripts.

... 

... /usr/bin/python2: No module named venv

... bash: /home/gnom/.env2/bin/activate: No such file or directory

... fatal: destination path '/home/gnom/proplast' already exists and is not an empty directory.

... Command "python setup.py egg_info" failed with error code 1 in /tmp/pip-install-yOTpEJ/mysqlclient/

... 

... WARNING: apt does not have a stable CLI interface. Use with caution in scripts.

... 

... 

... WARNING: apt does not have a stable CLI interface. Use with caution in scripts.

... 

... 

... WARNING: apt does not have a stable CLI interface. Use with caution in scripts.

... 

... fatal: destination path '/home/gnom/opjs' already exists and is not an empty directory.

... 

... WARNING: apt does not have a stable CLI interface. Use with caution in scripts.

... 

... 

... WARNING: apt does not have a stable CLI interface. Use with caution in scripts.

... 

... 

... WARNING: apt does not have a stable CLI interface. Use with caution in scripts.

... 

... 

... WARNING: apt does not have a stable CLI interface. Use with caution in scripts.

... 

... 

... WARNING: apt does not have a stable CLI interface. Use with caution in scripts.

... 

... 

... WARNING: apt does not have a stable CLI interface. Use with caution in scripts.

... 

... /usr/bin/python2: No module named venv

... bash: /home/gnom/.env2/bin/activate: No such file or directory

... fatal: destination path '/home/gnom/proplast' already exists and is not an empty directory.

... Command "python setup.py egg_info" failed with error code 1 in /tmp/pip-install-BVBow3/mysqlclient/

... 

... WARNING: apt does not have a stable CLI interface. Use with caution in scripts.

... 

... 

... WARNING: apt does not have a stable CLI interface. Use with caution in scripts.

... 

... 

... WARNING: apt does not have a stable CLI interface. Use with caution in scripts.

... 

... fatal: destination path '/home/gnom/opjs' already exists and is not an empty directory.

... 

... WARNING: apt does not have a stable CLI interface. Use with caution in scripts.

... 

... 

... WARNING: apt does not have a stable CLI interface. Use with caution in scripts.

... 

... 

... WARNING: apt does not have a stable CLI interface. Use with caution in scripts.

... 

... 

... WARNING: apt does not have a stable CLI interface. Use with caution in scripts.

... 

... 

... WARNING: apt does not have a stable CLI interface. Use with caution in scripts.

... 

... 

... WARNING: apt does not have a stable CLI interface. Use with caution in scripts.

... 

... /usr/bin/python2: No module named venv

... bash: /home/gnom/.env2/bin/activate: No such file or directory

... fatal: destination path '/home/gnom/proplast' already exists and is not an empty directory.

... Command "python setup.py egg_info" failed with error code 1 in /tmp/pip-install-3DXhXQ/mysqlclient/

... 

... WARNING: apt does not have a stable CLI interface. Use with caution in scripts.

... 

... 

... WARNING: apt does not have a stable CLI interface. Use with caution in scripts.

... 

... 

... WARNING: apt does not have a stable CLI interface. Use with caution in scripts.

... 

... fatal: destination path '/home/gnom/opjs' already exists and is not an empty directory.

... 

... WARNING: apt does not have a stable CLI interface. Use with caution in scripts.

... 

... 

... WARNING: apt does not have a stable CLI interface. Use with caution in scripts.

... 

... 

... WARNING: apt does not have a stable CLI interface. Use with caution in scripts.

... 

... 

... WARNING: apt does not have a stable CLI interface. Use with caution in scripts.

... 

... 

... WARNING: apt does not have a stable CLI interface. Use with caution in scripts.

... 

... 

... WARNING: apt does not have a stable CLI interface. Use with caution in scripts.

... 

... fatal: destination path '/home/gnom/proplast' already exists and is not an empty directory.

... Command "python setup.py egg_info" failed with error code 1 in /tmp/pip-install-Ty2ikn/mysqlclient/

... 

... WARNING: apt does not have a stable CLI interface. Use with caution in scripts.

... 

... 

... WARNING: apt does not have a stable CLI interface. Use with caution in scripts.

... 

... 

... WARNING: apt does not have a stable CLI interface. Use with caution in scripts.

... 

... fatal: destination path '/home/gnom/opjs' already exists and is not an empty directory.

